<?xml version="1.0" encoding="UTF-8"?>
<!-- Generated by org.testng.reporters.JUnitReportReporter -->
<testsuite hostname="whizdom" name="com.qtpselenium.framework.datadriven.suiteA.Test1" tests="3" failures="0" timestamp="5 Aug 2014 03:05:00 GMT" time="0.016" errors="0">
  <testcase name="test1" time="0.000" classname="com.qtpselenium.framework.datadriven.suiteA.Test1"/>
  <testcase name="test1" time="0.000" classname="com.qtpselenium.framework.datadriven.suiteA.Test1"/>
  <testcase name="test1" time="0.016" classname="com.qtpselenium.framework.datadriven.suiteA.Test1"/>
</testsuite>
