<?xml version="1.0" encoding="UTF-8"?>
<!-- Generated by org.testng.reporters.JUnitReportReporter -->
<testsuite hostname="whizdom" name="com.qtpselenium.framework.datadriven.suiteA.Test5" tests="1" failures="0" timestamp="5 Aug 2014 03:05:00 GMT" time="0.000" errors="0">
  <testcase name="test5" time="0.000" classname="com.qtpselenium.framework.datadriven.suiteA.Test5"/>
</testsuite>
